<?xml version="1.0" encoding="UTF-8"?>
<testsuite xmlns:xsi="http://www.w3.org/2001/XMLSchema-instance" xsi:noNamespaceSchemaLocation="https://maven.apache.org/surefire/maven-surefire-plugin/xsd/surefire-test-report.xsd" name="cn.kitey.demo02_config.Demo02ConfigApplicationTests" time="5.352" tests="2" errors="0" skipped="0" failures="0">
  <properties>
    <property name="sun.desktop" value="windows"/>
    <property name="awt.toolkit" value="sun.awt.windows.WToolkit"/>
    <property name="file.encoding.pkg" value="sun.io"/>
    <property name="java.specification.version" value="1.8"/>
    <property name="sun.cpu.isalist" value="amd64"/>
    <property name="sun.jnu.encoding" value="GBK"/>
    <property name="java.class.path" value="D:\java\SpringBoot\MySources\demo02_config\target\test-classes;D:\java\SpringBoot\MySources\demo02_config\target\classes;D:\maven_repository\org\springframework\boot\spring-boot-starter-web\2.1.15.RELEASE\spring-boot-starter-web-2.1.15.RELEASE.jar;D:\maven_repository\org\springframework\boot\spring-boot-starter\2.1.15.RELEASE\spring-boot-starter-2.1.15.RELEASE.jar;D:\maven_repository\org\springframework\boot\spring-boot\2.1.15.RELEASE\spring-boot-2.1.15.RELEASE.jar;D:\maven_repository\org\springframework\boot\spring-boot-autoconfigure\2.1.15.RELEASE\spring-boot-autoconfigure-2.1.15.RELEASE.jar;D:\maven_repository\org\springframework\boot\spring-boot-starter-logging\2.1.15.RELEASE\spring-boot-starter-logging-2.1.15.RELEASE.jar;D:\maven_repository\ch\qos\logback\logback-classic\1.2.3\logback-classic-1.2.3.jar;D:\maven_repository\ch\qos\logback\logback-core\1.2.3\logback-core-1.2.3.jar;D:\maven_repository\org\apache\logging\log4j\log4j-to-slf4j\2.11.2\log4j-to-slf4j-2.11.2.jar;D:\maven_repository\org\apache\logging\log4j\log4j-api\2.11.2\log4j-api-2.11.2.jar;D:\maven_repository\org\slf4j\jul-to-slf4j\1.7.30\jul-to-slf4j-1.7.30.jar;D:\maven_repository\javax\annotation\javax.annotation-api\1.3.2\javax.annotation-api-1.3.2.jar;D:\maven_repository\org\yaml\snakeyaml\1.23\snakeyaml-1.23.jar;D:\maven_repository\org\springframework\boot\spring-boot-starter-json\2.1.15.RELEASE\spring-boot-starter-json-2.1.15.RELEASE.jar;D:\maven_repository\com\fasterxml\jackson\core\jackson-databind\2.9.10.4\jackson-databind-2.9.10.4.jar;D:\maven_repository\com\fasterxml\jackson\core\jackson-annotations\2.9.10\jackson-annotations-2.9.10.jar;D:\maven_repository\com\fasterxml\jackson\core\jackson-core\2.9.10\jackson-core-2.9.10.jar;D:\maven_repository\com\fasterxml\jackson\datatype\jackson-datatype-jdk8\2.9.10\jackson-datatype-jdk8-2.9.10.jar;D:\maven_repository\com\fasterxml\jackson\datatype\jackson-datatype-jsr310\2.9.10\jackson-datatype-jsr310-2.9.10.jar;D:\maven_repository\com\fasterxml\jackson\module\jackson-module-parameter-names\2.9.10\jackson-module-parameter-names-2.9.10.jar;D:\maven_repository\org\springframework\boot\spring-boot-starter-tomcat\2.1.15.RELEASE\spring-boot-starter-tomcat-2.1.15.RELEASE.jar;D:\maven_repository\org\apache\tomcat\embed\tomcat-embed-core\9.0.36\tomcat-embed-core-9.0.36.jar;D:\maven_repository\org\apache\tomcat\embed\tomcat-embed-el\9.0.36\tomcat-embed-el-9.0.36.jar;D:\maven_repository\org\apache\tomcat\embed\tomcat-embed-websocket\9.0.36\tomcat-embed-websocket-9.0.36.jar;D:\maven_repository\org\hibernate\validator\hibernate-validator\6.0.20.Final\hibernate-validator-6.0.20.Final.jar;D:\maven_repository\javax\validation\validation-api\2.0.1.Final\validation-api-2.0.1.Final.jar;D:\maven_repository\org\jboss\logging\jboss-logging\3.3.3.Final\jboss-logging-3.3.3.Final.jar;D:\maven_repository\com\fasterxml\classmate\1.4.0\classmate-1.4.0.jar;D:\maven_repository\org\springframework\spring-web\5.1.16.RELEASE\spring-web-5.1.16.RELEASE.jar;D:\maven_repository\org\springframework\spring-beans\5.1.16.RELEASE\spring-beans-5.1.16.RELEASE.jar;D:\maven_repository\org\springframework\spring-webmvc\5.1.16.RELEASE\spring-webmvc-5.1.16.RELEASE.jar;D:\maven_repository\org\springframework\spring-aop\5.1.16.RELEASE\spring-aop-5.1.16.RELEASE.jar;D:\maven_repository\org\springframework\spring-context\5.1.16.RELEASE\spring-context-5.1.16.RELEASE.jar;D:\maven_repository\org\springframework\spring-expression\5.1.16.RELEASE\spring-expression-5.1.16.RELEASE.jar;D:\maven_repository\org\springframework\boot\spring-boot-starter-test\2.1.15.RELEASE\spring-boot-starter-test-2.1.15.RELEASE.jar;D:\maven_repository\org\springframework\boot\spring-boot-test\2.1.15.RELEASE\spring-boot-test-2.1.15.RELEASE.jar;D:\maven_repository\org\springframework\boot\spring-boot-test-autoconfigure\2.1.15.RELEASE\spring-boot-test-autoconfigure-2.1.15.RELEASE.jar;D:\maven_repository\com\jayway\jsonpath\json-path\2.4.0\json-path-2.4.0.jar;D:\maven_repository\net\minidev\json-smart\2.3\json-smart-2.3.jar;D:\maven_repository\net\minidev\accessors-smart\1.2\accessors-smart-1.2.jar;D:\maven_repository\org\ow2\asm\asm\5.0.4\asm-5.0.4.jar;D:\maven_repository\org\slf4j\slf4j-api\1.7.30\slf4j-api-1.7.30.jar;D:\maven_repository\junit\junit\4.12\junit-4.12.jar;D:\maven_repository\org\assertj\assertj-core\3.11.1\assertj-core-3.11.1.jar;D:\maven_repository\org\mockito\mockito-core\2.23.4\mockito-core-2.23.4.jar;D:\maven_repository\net\bytebuddy\byte-buddy\1.9.16\byte-buddy-1.9.16.jar;D:\maven_repository\net\bytebuddy\byte-buddy-agent\1.9.16\byte-buddy-agent-1.9.16.jar;D:\maven_repository\org\objenesis\objenesis\2.6\objenesis-2.6.jar;D:\maven_repository\org\hamcrest\hamcrest-core\1.3\hamcrest-core-1.3.jar;D:\maven_repository\org\hamcrest\hamcrest-library\1.3\hamcrest-library-1.3.jar;D:\maven_repository\org\skyscreamer\jsonassert\1.5.0\jsonassert-1.5.0.jar;D:\maven_repository\com\vaadin\external\google\android-json\0.0.20131108.vaadin1\android-json-0.0.20131108.vaadin1.jar;D:\maven_repository\org\springframework\spring-core\5.1.16.RELEASE\spring-core-5.1.16.RELEASE.jar;D:\maven_repository\org\springframework\spring-jcl\5.1.16.RELEASE\spring-jcl-5.1.16.RELEASE.jar;D:\maven_repository\org\springframework\spring-test\5.1.16.RELEASE\spring-test-5.1.16.RELEASE.jar;D:\maven_repository\org\xmlunit\xmlunit-core\2.6.4\xmlunit-core-2.6.4.jar;D:\maven_repository\org\springframework\boot\spring-boot-configuration-processor\2.1.15.RELEASE\spring-boot-configuration-processor-2.1.15.RELEASE.jar;"/>
    <property name="java.vm.vendor" value="Oracle Corporation"/>
    <property name="sun.arch.data.model" value="64"/>
    <property name="user.variant" value=""/>
    <property name="java.vendor.url" value="http://java.oracle.com/"/>
    <property name="user.timezone" value="Asia/Shanghai"/>
    <property name="java.vm.specification.version" value="1.8"/>
    <property name="os.name" value="Windows 10"/>
    <property name="user.country" value="CN"/>
    <property name="sun.java.launcher" value="SUN_STANDARD"/>
    <property name="sun.boot.library.path" value="C:\Program Files\Java\jdk1.8.0_162\jre\bin"/>
    <property name="sun.java.command" value="C:\Users\小风筝\AppData\Local\Temp\surefire573867818200380446\surefirebooter1149139054967921811.jar C:\Users\小风筝\AppData\Local\Temp\surefire573867818200380446 2020-06-21T22-47-45_400-jvmRun1 surefire5433048603591862413tmp surefire_03304446695254522663tmp"/>
    <property name="surefire.test.class.path" value="D:\java\SpringBoot\MySources\demo02_config\target\test-classes;D:\java\SpringBoot\MySources\demo02_config\target\classes;D:\maven_repository\org\springframework\boot\spring-boot-starter-web\2.1.15.RELEASE\spring-boot-starter-web-2.1.15.RELEASE.jar;D:\maven_repository\org\springframework\boot\spring-boot-starter\2.1.15.RELEASE\spring-boot-starter-2.1.15.RELEASE.jar;D:\maven_repository\org\springframework\boot\spring-boot\2.1.15.RELEASE\spring-boot-2.1.15.RELEASE.jar;D:\maven_repository\org\springframework\boot\spring-boot-autoconfigure\2.1.15.RELEASE\spring-boot-autoconfigure-2.1.15.RELEASE.jar;D:\maven_repository\org\springframework\boot\spring-boot-starter-logging\2.1.15.RELEASE\spring-boot-starter-logging-2.1.15.RELEASE.jar;D:\maven_repository\ch\qos\logback\logback-classic\1.2.3\logback-classic-1.2.3.jar;D:\maven_repository\ch\qos\logback\logback-core\1.2.3\logback-core-1.2.3.jar;D:\maven_repository\org\apache\logging\log4j\log4j-to-slf4j\2.11.2\log4j-to-slf4j-2.11.2.jar;D:\maven_repository\org\apache\logging\log4j\log4j-api\2.11.2\log4j-api-2.11.2.jar;D:\maven_repository\org\slf4j\jul-to-slf4j\1.7.30\jul-to-slf4j-1.7.30.jar;D:\maven_repository\javax\annotation\javax.annotation-api\1.3.2\javax.annotation-api-1.3.2.jar;D:\maven_repository\org\yaml\snakeyaml\1.23\snakeyaml-1.23.jar;D:\maven_repository\org\springframework\boot\spring-boot-starter-json\2.1.15.RELEASE\spring-boot-starter-json-2.1.15.RELEASE.jar;D:\maven_repository\com\fasterxml\jackson\core\jackson-databind\2.9.10.4\jackson-databind-2.9.10.4.jar;D:\maven_repository\com\fasterxml\jackson\core\jackson-annotations\2.9.10\jackson-annotations-2.9.10.jar;D:\maven_repository\com\fasterxml\jackson\core\jackson-core\2.9.10\jackson-core-2.9.10.jar;D:\maven_repository\com\fasterxml\jackson\datatype\jackson-datatype-jdk8\2.9.10\jackson-datatype-jdk8-2.9.10.jar;D:\maven_repository\com\fasterxml\jackson\datatype\jackson-datatype-jsr310\2.9.10\jackson-datatype-jsr310-2.9.10.jar;D:\maven_repository\com\fasterxml\jackson\module\jackson-module-parameter-names\2.9.10\jackson-module-parameter-names-2.9.10.jar;D:\maven_repository\org\springframework\boot\spring-boot-starter-tomcat\2.1.15.RELEASE\spring-boot-starter-tomcat-2.1.15.RELEASE.jar;D:\maven_repository\org\apache\tomcat\embed\tomcat-embed-core\9.0.36\tomcat-embed-core-9.0.36.jar;D:\maven_repository\org\apache\tomcat\embed\tomcat-embed-el\9.0.36\tomcat-embed-el-9.0.36.jar;D:\maven_repository\org\apache\tomcat\embed\tomcat-embed-websocket\9.0.36\tomcat-embed-websocket-9.0.36.jar;D:\maven_repository\org\hibernate\validator\hibernate-validator\6.0.20.Final\hibernate-validator-6.0.20.Final.jar;D:\maven_repository\javax\validation\validation-api\2.0.1.Final\validation-api-2.0.1.Final.jar;D:\maven_repository\org\jboss\logging\jboss-logging\3.3.3.Final\jboss-logging-3.3.3.Final.jar;D:\maven_repository\com\fasterxml\classmate\1.4.0\classmate-1.4.0.jar;D:\maven_repository\org\springframework\spring-web\5.1.16.RELEASE\spring-web-5.1.16.RELEASE.jar;D:\maven_repository\org\springframework\spring-beans\5.1.16.RELEASE\spring-beans-5.1.16.RELEASE.jar;D:\maven_repository\org\springframework\spring-webmvc\5.1.16.RELEASE\spring-webmvc-5.1.16.RELEASE.jar;D:\maven_repository\org\springframework\spring-aop\5.1.16.RELEASE\spring-aop-5.1.16.RELEASE.jar;D:\maven_repository\org\springframework\spring-context\5.1.16.RELEASE\spring-context-5.1.16.RELEASE.jar;D:\maven_repository\org\springframework\spring-expression\5.1.16.RELEASE\spring-expression-5.1.16.RELEASE.jar;D:\maven_repository\org\springframework\boot\spring-boot-starter-test\2.1.15.RELEASE\spring-boot-starter-test-2.1.15.RELEASE.jar;D:\maven_repository\org\springframework\boot\spring-boot-test\2.1.15.RELEASE\spring-boot-test-2.1.15.RELEASE.jar;D:\maven_repository\org\springframework\boot\spring-boot-test-autoconfigure\2.1.15.RELEASE\spring-boot-test-autoconfigure-2.1.15.RELEASE.jar;D:\maven_repository\com\jayway\jsonpath\json-path\2.4.0\json-path-2.4.0.jar;D:\maven_repository\net\minidev\json-smart\2.3\json-smart-2.3.jar;D:\maven_repository\net\minidev\accessors-smart\1.2\accessors-smart-1.2.jar;D:\maven_repository\org\ow2\asm\asm\5.0.4\asm-5.0.4.jar;D:\maven_repository\org\slf4j\slf4j-api\1.7.30\slf4j-api-1.7.30.jar;D:\maven_repository\junit\junit\4.12\junit-4.12.jar;D:\maven_repository\org\assertj\assertj-core\3.11.1\assertj-core-3.11.1.jar;D:\maven_repository\org\mockito\mockito-core\2.23.4\mockito-core-2.23.4.jar;D:\maven_repository\net\bytebuddy\byte-buddy\1.9.16\byte-buddy-1.9.16.jar;D:\maven_repository\net\bytebuddy\byte-buddy-agent\1.9.16\byte-buddy-agent-1.9.16.jar;D:\maven_repository\org\objenesis\objenesis\2.6\objenesis-2.6.jar;D:\maven_repository\org\hamcrest\hamcrest-core\1.3\hamcrest-core-1.3.jar;D:\maven_repository\org\hamcrest\hamcrest-library\1.3\hamcrest-library-1.3.jar;D:\maven_repository\org\skyscreamer\jsonassert\1.5.0\jsonassert-1.5.0.jar;D:\maven_repository\com\vaadin\external\google\android-json\0.0.20131108.vaadin1\android-json-0.0.20131108.vaadin1.jar;D:\maven_repository\org\springframework\spring-core\5.1.16.RELEASE\spring-core-5.1.16.RELEASE.jar;D:\maven_repository\org\springframework\spring-jcl\5.1.16.RELEASE\spring-jcl-5.1.16.RELEASE.jar;D:\maven_repository\org\springframework\spring-test\5.1.16.RELEASE\spring-test-5.1.16.RELEASE.jar;D:\maven_repository\org\xmlunit\xmlunit-core\2.6.4\xmlunit-core-2.6.4.jar;D:\maven_repository\org\springframework\boot\spring-boot-configuration-processor\2.1.15.RELEASE\spring-boot-configuration-processor-2.1.15.RELEASE.jar;"/>
    <property name="sun.cpu.endian" value="little"/>
    <property name="user.home" value="C:\Users\小风筝"/>
    <property name="user.language" value="zh"/>
    <property name="java.specification.vendor" value="Oracle Corporation"/>
    <property name="java.home" value="C:\Program Files\Java\jdk1.8.0_162\jre"/>
    <property name="basedir" value="D:\java\SpringBoot\MySources\demo02_config"/>
    <property name="file.separator" value="\"/>
    <property name="line.separator" value="&#10;"/>
    <property name="java.vm.specification.vendor" value="Oracle Corporation"/>
    <property name="java.specification.name" value="Java Platform API Specification"/>
    <property name="java.awt.graphicsenv" value="sun.awt.Win32GraphicsEnvironment"/>
    <property name="surefire.real.class.path" value="C:\Users\小风筝\AppData\Local\Temp\surefire573867818200380446\surefirebooter1149139054967921811.jar"/>
    <property name="sun.boot.class.path" value="C:\Program Files\Java\jdk1.8.0_162\jre\lib\resources.jar;C:\Program Files\Java\jdk1.8.0_162\jre\lib\rt.jar;C:\Program Files\Java\jdk1.8.0_162\jre\lib\sunrsasign.jar;C:\Program Files\Java\jdk1.8.0_162\jre\lib\jsse.jar;C:\Program Files\Java\jdk1.8.0_162\jre\lib\jce.jar;C:\Program Files\Java\jdk1.8.0_162\jre\lib\charsets.jar;C:\Program Files\Java\jdk1.8.0_162\jre\lib\jfr.jar;C:\Program Files\Java\jdk1.8.0_162\jre\classes"/>
    <property name="user.script" value=""/>
    <property name="sun.management.compiler" value="HotSpot 64-Bit Tiered Compilers"/>
    <property name="java.runtime.version" value="1.8.0_162-b12"/>
    <property name="user.name" value="小风筝"/>
    <property name="path.separator" value=";"/>
    <property name="os.version" value="10.0"/>
    <property name="java.endorsed.dirs" value="C:\Program Files\Java\jdk1.8.0_162\jre\lib\endorsed"/>
    <property name="java.runtime.name" value="Java(TM) SE Runtime Environment"/>
    <property name="file.encoding" value="GBK"/>
    <property name="java.vm.name" value="Java HotSpot(TM) 64-Bit Server VM"/>
    <property name="localRepository" value="D:\maven_repository"/>
    <property name="java.vendor.url.bug" value="http://bugreport.sun.com/bugreport/"/>
    <property name="java.io.tmpdir" value="C:\Users\小风筝\AppData\Local\Temp\"/>
    <property name="idea.version" value="2018.3.2"/>
    <property name="java.version" value="1.8.0_162"/>
    <property name="user.dir" value="D:\java\SpringBoot\MySources\demo02_config"/>
    <property name="os.arch" value="amd64"/>
    <property name="java.vm.specification.name" value="Java Virtual Machine Specification"/>
    <property name="java.awt.printerjob" value="sun.awt.windows.WPrinterJob"/>
    <property name="sun.os.patch.level" value=""/>
    <property name="java.library.path" value="C:\Program Files\Java\jdk1.8.0_162\jre\bin;C:\WINDOWS\Sun\Java\bin;C:\WINDOWS\system32;C:\WINDOWS;C:\Program Files (x86)\;C:\Program Files\Microsoft MPI\Bin\;C:\Program Files\Java\jdk1.8.0_162\bin;C:\Program Files\Java\jre1.8.0_162\bin;C:\ProgramData\Oracle\Java\javapath;C:\WINDOWS\system32;C:\WINDOWS;C:\WINDOWS\System32\Wbem;&quot;C:\WINDOWS\System32\WindowsPowerShell\v1.0\;JAVA_HOME%\bin&quot;;C:\Program Files\dotnet\;C:\WINDOWS\System32\OpenSSH\;C:\Program Files\Intel\WiFi\bin\;C:\Program Files\Common Files\Intel\WirelessCommon\;C:\Program Files (x86)\NVIDIA Corporation\PhysX\Common;c:\Program Files (x86)\Microsoft SQL Server\100\Tools\Binn\;c:\Program Files\Microsoft SQL Server\100\Tools\Binn\;c:\Program Files\Microsoft SQL Server\100\DTS\Binn\;c:\Program Files (x86)\Microsoft SQL Server\100\Tools\Binn\VSShell\Common7\IDE\;c:\Program Files (x86)\Microsoft Visual Studio 9.0\Common7\IDE\PrivateAssemblies\;c:\Program Files (x86)\Microsoft SQL Server\100\DTS\Binn\C:\Program Files\Java\jdk1.8.0_162\bin;C:\Program Files\Java\jdk1.8.0_162\bin;C:\WINDOWS\system32;C:\WINDOWS;C:\WINDOWS\System32\Wbem;C:\WINDOWS\System32\WindowsPowerShell\v1.0\;C:\WINDOWS\System32\OpenSSH\;C:\MinGW\bin;D:\java\Maven\apache-maven-3.5.2\bin;&quot;D:\java\tomcat\apache-tomcat-9.0.34\bin;D:\java\tomcat\apache-tomcat-9.0.34\lib&quot;;C:\Program Files\MySQL\MySQL Server 8.0\bin;D:\java\tomcat\apache-tomcat-9.0.34\bin;D:\java\Maven\apache-maven-3.5.2\bin;C:\Program Files\Git\cmd;&quot;C:\Users\小风筝\AppData\Local\Microsoft\WindowsApps;D:\java\apache-maven-3.6.3&quot;;;C:\Program Files\JetBrains\IntelliJ IDEA 2018.3.2\bin;;."/>
    <property name="java.vm.info" value="mixed mode"/>
    <property name="java.vendor" value="Oracle Corporation"/>
    <property name="java.vm.version" value="25.162-b12"/>
    <property name="java.ext.dirs" value="C:\Program Files\Java\jdk1.8.0_162\jre\lib\ext;C:\WINDOWS\Sun\Java\lib\ext"/>
    <property name="sun.io.unicode.encoding" value="UnicodeLittle"/>
    <property name="maven.repo.local" value="D:\maven_repository"/>
    <property name="java.class.version" value="52.0"/>
  </properties>
  <testcase name="testHelloService" classname="cn.kitey.demo02_config.Demo02ConfigApplicationTests" time="0.436"/>
  <testcase name="contextLoads" classname="cn.kitey.demo02_config.Demo02ConfigApplicationTests" time="0.001"/>
</testsuite>